\BOOKMARK [0][-]{chapter*.1}{Introduction}{}% 1
\BOOKMARK [0][-]{chapter.1}{Mathematical Tools}{}% 2
\BOOKMARK [1][-]{section.1.1}{An overview of Differential Geometry}{chapter.1}% 3
\BOOKMARK [1][-]{section.1.2}{Lorentzian Manifolds}{chapter.1}% 4
\BOOKMARK [2][-]{subsection.1.2.1}{Causality and Global Hyperbolicity}{section.1.2}% 5
\BOOKMARK [1][-]{section.1.3}{Operators and integration on manifolds}{chapter.1}% 6
\BOOKMARK [0][-]{chapter.2}{Fundamental solutions in Minkowski spacetime}{}% 7
\BOOKMARK [1][-]{section.2.1}{Fundamental solutions}{chapter.2}% 8
\BOOKMARK [1][-]{section.2.2}{The d'Alembert wave operator in Minkowski}{chapter.2}% 9
\BOOKMARK [1][-]{section.2.3}{The Fourier transform approach}{chapter.2}% 10
\BOOKMARK [1][-]{section.2.4}{Fundamental solutions via Fourier transform}{chapter.2}% 11
\BOOKMARK [1][-]{section.2.5}{The Riesz distributions}{chapter.2}% 12
\BOOKMARK [1][-]{section.2.6}{General solution and Cauchy problem}{chapter.2}% 13
\BOOKMARK [0][-]{chapter.3}{Fundamental solutions on manifolds}{}% 14
\BOOKMARK [1][-]{section.3.1}{Examples of generalized d'Alembert operators}{chapter.3}% 15
\BOOKMARK [1][-]{section.3.2}{Local fundamental solutions}{chapter.3}% 16
\BOOKMARK [2][-]{subsection.3.2.1}{Formal ansatz}{section.3.2}% 17
\BOOKMARK [2][-]{subsection.3.2.2}{Approximate fundamental solutions}{section.3.2}% 18
\BOOKMARK [2][-]{subsection.3.2.3}{True fundamental solutions}{section.3.2}% 19
\BOOKMARK [2][-]{subsection.3.2.4}{Asymptotic behaviour}{section.3.2}% 20
\BOOKMARK [2][-]{subsection.3.2.5}{Uniqueness and regularity}{section.3.2}% 21
\BOOKMARK [1][-]{section.3.3}{Local and global Cauchy problem}{chapter.3}% 22
\BOOKMARK [2][-]{subsection.3.3.1}{Local solvability}{section.3.3}% 23
\BOOKMARK [2][-]{subsection.3.3.2}{Global solvability}{section.3.3}% 24
\BOOKMARK [1][-]{section.3.4}{Global fundamental solutions}{chapter.3}% 25
\BOOKMARK [1][-]{section.3.5}{Green's operators}{chapter.3}% 26
\BOOKMARK [0][-]{chapter*.27}{Conclusions}{}% 27
\BOOKMARK [0][-]{appendix.A}{Distributions and Fourier Transform}{}% 28
\BOOKMARK [0][-]{section*.28}{List of Figures}{}% 29
\BOOKMARK [0][-]{section*.30}{Bibliography}{}% 30
\BOOKMARK [0][-]{appendix*.31}{Acknowledgements}{}% 31
