\BOOKMARK [0][-]{section*.1}{\376\377\000A\000b\000s\000t\000r\000a\000c\000t}{}% 1
\BOOKMARK [0][-]{chapter*.4}{\376\377\000I\000n\000t\000r\000o\000d\000u\000c\000t\000i\000o\000n}{}% 2
\BOOKMARK [0][-]{chapter.7}{\376\377\000G\000e\000o\000m\000e\000t\000r\000i\000c\000\040\000p\000r\000e\000l\000i\000m\000i\000n\000a\000r\000i\000e\000s}{}% 3
\BOOKMARK [1][-]{section.8}{\376\377\000G\000l\000o\000b\000a\000l\000l\000y\000\040\000H\000y\000p\000e\000r\000b\000o\000l\000i\000c\000\040\000s\000p\000a\000c\000e\000t\000i\000m\000e\000s\000\040\000w\000i\000t\000h\000\040\000t\000i\000m\000e\000l\000i\000k\000e\000\040\000b\000o\000u\000n\000d\000a\000r\000y}{chapter.7}% 4
\BOOKMARK [1][-]{section.27}{\376\377\000D\000i\000f\000f\000e\000r\000e\000n\000t\000i\000a\000l\000\040\000f\000o\000r\000m\000s\000\040\000a\000n\000d\000\040\000o\000p\000e\000r\000a\000t\000o\000r\000s\000\040\000o\000n\000\040\000m\000a\000n\000i\000f\000o\000l\000d\000s\000\040\000w\000i\000t\000h\000\040\000b\000o\000u\000n\000d\000a\000r\000y}{chapter.7}% 5
\BOOKMARK [1][-]{section.43}{\376\377\000B\000o\000u\000n\000d\000e\000d\000\040\000G\000e\000o\000m\000e\000t\000r\000y\000\040\000a\000n\000d\000\040\000a\000s\000s\000o\000c\000i\000a\000t\000e\000d\000\040\000f\000u\000n\000c\000t\000i\000o\000n\000a\000l\000\040\000s\000p\000a\000c\000e\000s}{chapter.7}% 6
\BOOKMARK [2][-]{subsection.51}{\376\377\000S\000o\000b\000o\000l\000e\000v\000\040\000s\000p\000a\000c\000e\000s}{section.43}% 7
\BOOKMARK [2][-]{subsection.59}{\376\377\000R\000e\000s\000t\000r\000i\000c\000t\000i\000o\000n\000s\000\040\000a\000n\000d\000\040\000t\000r\000a\000c\000e\000\040\000m\000a\000p\000s\000\040\000f\000o\000r\000\040\000d\000i\000f\000f\000e\000r\000e\000n\000t\000i\000a\000l\000\040\000f\000o\000r\000m\000s}{section.43}% 8
\BOOKMARK [1][-]{section.64}{\376\377\000G\000r\000e\000e\000n\000\040\000o\000p\000e\000r\000a\000t\000o\000r\000s}{chapter.7}% 9
\BOOKMARK [1][-]{section.90}{\376\377\000M\000a\000x\000w\000e\000l\000l\000'\000s\000\040\000e\000q\000u\000a\000t\000i\000o\000n\000s\000\040\000f\000o\000r\000\040\000k\000-\000f\000o\000r\000m\000s\000\040\000w\000i\000t\000h\000\040\000e\000m\000p\000t\000y\000\040\000b\000o\000u\000n\000d\000a\000r\000y}{chapter.7}% 10
\BOOKMARK [0][-]{chapter.96}{\376\377\000M\000a\000x\000w\000e\000l\000l\000'\000s\000\040\000e\000q\000u\000a\000t\000i\000o\000n\000s\000\040\000f\000o\000r\000\040\000t\000h\000e\000\040\000f\000i\000e\000l\000d\000\040\000s\000t\000r\000e\000n\000g\000t\000h\000\040\000a\000n\000d\000\040\000i\000n\000t\000e\000r\000f\000a\000c\000e\000\040\000c\000o\000n\000d\000i\000t\000i\000o\000n\000s}{}% 11
\BOOKMARK [1][-]{section.97}{\376\377\000G\000e\000o\000m\000e\000t\000r\000i\000c\000a\000l\000\040\000s\000e\000t\000u\000p}{chapter.96}% 12
\BOOKMARK [1][-]{section.106}{\376\377\000C\000o\000n\000s\000t\000r\000a\000i\000n\000t\000\040\000e\000q\000u\000a\000t\000i\000o\000n\000s\000:\000\040\000H\000o\000d\000g\000e\000\040\000t\000h\000e\000o\000r\000y\000\040\000w\000i\000t\000h\000\040\000i\000n\000t\000e\000r\000f\000a\000c\000e}{chapter.96}% 13
\BOOKMARK [2][-]{subsection.116}{\376\377\000H\000o\000d\000g\000e\000\040\000d\000e\000c\000o\000m\000p\000o\000s\000i\000t\000i\000o\000n\000\040\000o\000n\000\040\000c\000o\000m\000p\000a\000c\000t\000\040\000m\000a\000n\000i\000f\000o\000l\000d\000\040\000w\000i\000t\000h\000\040\000n\000o\000n\000-\000e\000m\000p\000t\000y\000\040\000b\000o\000u\000n\000d\000a\000r\000y}{section.106}% 14
\BOOKMARK [2][-]{subsection.131}{\376\377\000H\000o\000d\000g\000e\000\040\000d\000e\000c\000o\000m\000p\000o\000s\000i\000t\000i\000o\000n\000\040\000f\000o\000r\000\040\000c\000o\000m\000p\000a\000c\000t\000\040\000m\000a\000n\000i\000f\000o\000l\000d\000\040\000w\000i\000t\000h\000\040\000i\000n\000t\000e\000r\000f\000a\000c\000e}{section.106}% 15
\BOOKMARK [2][-]{subsection.150}{\376\377\000F\000u\000r\000t\000h\000e\000r\000\040\000p\000e\000r\000s\000p\000e\000c\000t\000i\000v\000e\000s\000\040\000o\000n\000\040\000H\000o\000d\000g\000e\000\040\000d\000e\000c\000o\000m\000p\000o\000s\000i\000t\000i\000o\000n}{section.106}% 16
\BOOKMARK [2][-]{subsection.157}{\376\377\000N\000o\000n\000-\000d\000y\000n\000a\000m\000i\000c\000a\000l\000\040\000M\000a\000x\000w\000e\000l\000l\000'\000s\000\040\000e\000q\000u\000a\000t\000i\000o\000n\000s}{section.106}% 17
\BOOKMARK [1][-]{section.163}{\376\377\000D\000y\000n\000a\000m\000i\000c\000a\000l\000\040\000e\000q\000u\000a\000t\000i\000o\000n\000s\000:\000\040\000L\000a\000g\000r\000a\000n\000g\000i\000a\000n\000\040\000s\000u\000b\000s\000p\000a\000c\000e\000s}{chapter.96}% 18
\BOOKMARK [1][-]{section.199}{\376\377\000P\000e\000r\000s\000p\000e\000c\000t\000i\000v\000e\000s\000\040\000o\000n\000\040\000a\000l\000g\000e\000b\000r\000a\000i\000c\000\040\000q\000u\000a\000n\000t\000i\000z\000a\000t\000i\000o\000n\000\040\000o\000f\000\040\000t\000h\000e\000\040\000f\000i\000e\000l\000d\000\040\000s\000t\000r\000e\000n\000g\000t\000h\000\040\000F}{chapter.96}% 19
\BOOKMARK [0][-]{chapter.201}{\376\377\000M\000a\000x\000w\000e\000l\000l\000'\000s\000\040\000E\000q\000u\000a\000t\000i\000o\000n\000s\000\040\000f\000o\000r\000\040\000t\000h\000e\000\040\000v\000e\000c\000t\000o\000r\000\040\000p\000o\000t\000e\000n\000t\000i\000a\000l\000\040\000a\000n\000d\000\040\000B\000o\000u\000n\000d\000a\000r\000y\000\040\000C\000o\000n\000d\000i\000t\000i\000o\000n\000s}{}% 20
\BOOKMARK [1][-]{section.202}{\376\377\000O\000n\000\040\000t\000h\000e\000\040\000D\000'\000A\000l\000e\000m\000b\000e\000r\000t\040\023\000d\000e\000\040\000R\000h\000a\000m\000\040\000w\000a\000v\000e\000\040\000o\000p\000e\000r\000a\000t\000o\000r}{chapter.201}% 21
\BOOKMARK [2][-]{subsection.220}{\376\377\000E\000x\000i\000s\000t\000e\000n\000c\000e\000\040\000o\000f\000\040\000G\000r\000e\000e\000n\000\040\000o\000p\000e\000r\000a\000t\000o\000r\000s\000\040\000o\000n\000\040\000u\000l\000t\000r\000a\000s\000t\000a\000t\000i\000c\000\040\000s\000p\000a\000c\000e\000t\000i\000m\000e\000s}{section.202}% 22
\BOOKMARK [2][-]{subsection.253}{\376\377\000P\000r\000o\000p\000e\000r\000t\000i\000e\000s\000\040\000o\000f\000\040\000G\000r\000e\000e\000n\000\040\000o\000p\000e\000r\000a\000t\000o\000r\000s\000\040\000f\000o\000r\000\040\000D\000'\000A\000l\000e\000m\000b\000e\000r\000t\000-\000d\000e\000\040\000R\000h\000a\000m\000\040\000w\000a\000v\000e\000\040\000o\000p\000e\000r\000a\000t\000o\000r}{section.202}% 23
\BOOKMARK [1][-]{section.276}{\376\377\000O\000n\000\040\000t\000h\000e\000\040\000M\000a\000x\000w\000e\000l\000l\000\040\000o\000p\000e\000r\000a\000t\000o\000r}{chapter.201}% 24
\BOOKMARK [2][-]{subsection.277}{\376\377\000S\000p\000a\000c\000e\000s\000\040\000o\000f\000\040\000s\000o\000l\000u\000t\000i\000o\000n\000s\000\040\000f\000o\000r\000\040\000s\000e\000l\000e\000c\000t\000e\000d\000\040\000b\000o\000u\000n\000d\000a\000r\000y\000\040\000c\000o\000n\000d\000i\000t\000i\000o\000n\000s}{section.276}% 25
\BOOKMARK [1][-]{section.302}{\376\377\000I\000n\000t\000r\000o\000d\000u\000c\000t\000i\000o\000n\000\040\000t\000o\000\040\000t\000h\000e\000\040\000a\000l\000g\000e\000b\000r\000a\000i\000c\000\040\000f\000o\000r\000m\000a\000l\000i\000s\000m}{chapter.201}% 26
\BOOKMARK [2][-]{subsection.305}{\376\377\000T\000h\000e\000\040\000g\000e\000n\000e\000r\000a\000t\000o\000r\000s\000\040\000o\000f\000\040\000t\000h\000e\000\040\000a\000l\000g\000e\000b\000r\000a\000\040\000o\000f\000\040\000o\000b\000s\000e\000r\000v\000a\000b\000l\000e\000s}{section.302}% 27
\BOOKMARK [3][-]{section*.314}{\376\377\000S\000y\000m\000p\000l\000e\000c\000t\000i\000c\000\040\000s\000t\000r\000u\000c\000t\000u\000r\000e\000s}{subsection.305}% 28
\BOOKMARK [1][-]{section.329}{\376\377\000T\000h\000e\000\040\000a\000l\000g\000e\000b\000r\000a\000\040\000o\000f\000\040\000o\000b\000s\000e\000r\000v\000a\000b\000l\000e\000s\000\040\000f\000o\000r\000\040\000S\000o\000l\000t\000\050\000M\000\051\000\040\000a\000n\000d\000\040\000f\000o\000r\000\040\000S\000o\000l\000n\000d\000\050\000M\000\051}{chapter.201}% 29
\BOOKMARK [2][-]{section*.330}{\376\377\000T\000h\000e\000\040\000a\000l\000g\000e\000b\000r\000a\000\040\000o\000f\000\040\000o\000b\000s\000e\000r\000v\000a\000b\000l\000e\000s\000\040\000f\000o\000r\000\040\000S\000o\000l\000t\000\050\000M\000\051}{section.329}% 30
\BOOKMARK [3][-]{section*.340}{\376\377\000T\000h\000e\000\040\000a\000l\000g\000e\000b\000r\000a\000\040\000o\000f\000\040\000o\000b\000s\000e\000r\000v\000a\000b\000l\000e\000\040\000f\000o\000r\000\040\000S\000o\000l\000n\000d\000\050\000M\000\051}{section*.330}% 31
\BOOKMARK [2][-]{subsection.349}{\376\377\000A\000n\000\040\000a\000l\000t\000e\000r\000n\000a\000t\000i\000v\000e\000\040\000a\000l\000g\000e\000b\000r\000a\000\040\000f\000o\000r\000\040\000d\000-\000n\000o\000r\000m\000a\000l\000\040\000b\000o\000u\000n\000d\000a\000r\000y\000\040\000c\000o\000n\000d\000i\000t\000i\000o\000n\000s}{section.329}% 32
\BOOKMARK [0][-]{chapter*.350}{\376\377\000C\000o\000n\000c\000l\000u\000s\000i\000o\000n\000s}{}% 33
\BOOKMARK [0][-]{appendix.351}{\376\377\000C\000o\000h\000o\000m\000o\000l\000o\000g\000y\000\040\000a\000n\000d\000\040\000P\000o\000i\000n\000c\000a\000r\000\351\000-\000L\000e\000f\000s\000c\000h\000e\000t\000z\000\040\000d\000u\000a\000l\000i\000t\000y\000\040\000f\000o\000r\000\040\000m\000a\000n\000i\000f\000o\000l\000d\000\040\000w\000i\000t\000h\000\040\000b\000o\000u\000n\000d\000a\000r\000y}{}% 34
\BOOKMARK [0][-]{appendix.374}{\376\377\000A\000n\000\040\000e\000x\000p\000l\000i\000c\000i\000t\000\040\000c\000o\000m\000p\000u\000t\000a\000t\000i\000o\000n}{}% 35
\BOOKMARK [0][-]{appendix.381}{\376\377\000P\000r\000o\000o\000f\000s\000\040\000o\000f\000\040\000s\000t\000a\000t\000e\000m\000e\000n\000t\000s\000\040\000i\000n\000\040\000S\000u\000b\000s\000e\000c\000t\000i\000o\000n\000\040\0003\000.\0003\000.\0001}{}% 36
\BOOKMARK [0][-]{appendix*.390}{\376\377\000B\000i\000b\000l\000i\000o\000g\000r\000a\000p\000h\000y}{}% 37
