\BOOKMARK [0][-]{chapter*.2}{Introduction}{}% 1
\BOOKMARK [0][-]{chapter.1}{Mathematical Tools}{}% 2
\BOOKMARK [1][-]{section.1.1}{Hilbert Spaces and Operators}{chapter.1}% 3
\BOOKMARK [1][-]{section.1.2}{Fourier Transform}{chapter.1}% 4
\BOOKMARK [1][-]{section.1.3}{Quantum Mechanics}{chapter.1}% 5
\BOOKMARK [2][-]{subsection.1.3.1}{Axioms}{section.1.3}% 6
\BOOKMARK [2][-]{subsection.1.3.2}{Dynamics}{section.1.3}% 7
\BOOKMARK [0][-]{chapter.2}{Quantum Backflow - Basic Concepts}{}% 8
\BOOKMARK [1][-]{section.2.1}{Historical Introduction}{chapter.2}% 9
\BOOKMARK [1][-]{section.2.2}{Definition of Backflow and Illustrative Examples}{chapter.2}% 10
\BOOKMARK [2][-]{subsection.2.2.1}{Superposition of Plane Waves}{section.2.2}% 11
\BOOKMARK [2][-]{subsection.2.2.2}{Superposition of Gaussian Wave-packets}{section.2.2}% 12
\BOOKMARK [2][-]{subsection.2.2.3}{Normalizable Wave}{section.2.2}% 13
\BOOKMARK [1][-]{section.2.3}{Backflow in Free Theory}{chapter.2}% 14
\BOOKMARK [2][-]{subsection.2.3.1}{Temporal Boundedness of Backflow}{section.2.3}% 15
\BOOKMARK [2][-]{subsection.2.3.2}{Maximum Backflow Approximation}{section.2.3}% 16
\BOOKMARK [0][-]{chapter.3}{Interacting Quantum Backflow}{}% 17
\BOOKMARK [1][-]{section.3.1}{Spatially Averaged Backflow}{chapter.3}% 18
\BOOKMARK [1][-]{section.3.2}{Backflow and Scattering}{chapter.3}% 19
\BOOKMARK [0][-]{chapter*.3}{Conclusions}{}% 20
\BOOKMARK [0][-]{chapter*.4}{Bibliography}{}% 21
\BOOKMARK [0][-]{chapter*.5}{Acknowledgements}{}% 22
